
━━━━━━━━━━━━━━━━━━━━━━━━━━━━━━━━━━━━━━━━━━━━━━━━━━━━━━━━━━━━━━━━━━━━━━━━━━━━━━━━━━━━━━━━
  服务健康探测报告  Service Health Probe Report                                               
  生成时间: 2026-04-01 16:59:39             总执行耗时: 7.421s
━━━━━━━━━━━━━━━━━━━━━━━━━━━━━━━━━━━━━━━━━━━━━━━━━━━━━━━━━━━━━━━━━━━━━━━━━━━━━━━━━━━━━━━━

§ 1  概览
────────────────────────────────────────────────────────────────────────────────────────
  探测目标总数   9
  成功           9  (100.0%)
  失败           0  (0.0%)
  成功率  [████████████████████████████████████████] 100.0%

§ 2  响应时间分布
────────────────────────────────────────────────────────────────────────────────────────
  Min                 14.0 ms
  P50                380.0 ms
  P90               2014.2 ms
  P99               5978.5 ms
  Max               6419.0 ms
  Avg               1028.1 ms
  StdDev            1927.7 ms

        14 ~  1295 ms  ████████████████████████████  8
      1295 ~  2576 ms  ░░░░░░░░░░░░░░░░░░░░░░░░░░░░  0
      2576 ~  3857 ms  ░░░░░░░░░░░░░░░░░░░░░░░░░░░░  0
      3857 ~  5138 ms  ░░░░░░░░░░░░░░░░░░░░░░░░░░░░  0
      5138 ~  6419 ms  ███░░░░░░░░░░░░░░░░░░░░░░░░░  1

§ 3  响应最慢 Top 5
────────────────────────────────────────────────────────────────────────────────────────
  1. ✅ OK    慢速响应模拟             [▓▓▓▓▓▓▓▓▓▓▓▓▓▓▓▓▓▓▓▓] 6419 ms
  2. ✅ OK    Raw文本文件              [▓▓▓░░░░░░░░░░░░░░░░░]  913 ms
  3. ✅ OK    GitHub                   [▓▓░░░░░░░░░░░░░░░░░░]  702 ms
  4. ✅ OK    网易首页                 [▓░░░░░░░░░░░░░░░░░░░]  405 ms
  5. ✅ OK    百度搜索                 [▓░░░░░░░░░░░░░░░░░░░]  380 ms

§ 4  全部探测明细
────────────────────────────────────────────────────────────────────────────────────────
  状态      名称             协议    耗时(ms)  Code     结果                              
  ····················································································
  ✅ OK      SSH本地          TCP      14       -        Connected                         
  ✅ OK      MySQL本地        TCP      15       -        Connected                         
  ✅ OK      无效服务         HTTP     70       -        Fail                              
  ✅ OK      B站API           HTTP     335      200      200 OK                            
  ✅ OK      百度搜索         HTTP     380      200      200 OK                            
  ✅ OK      网易首页         HTTP     405      200      200 OK                            
  ✅ OK      GitHub           HTTP     702      200      200 OK                            
  ✅ OK      Raw文本文件      HTTP     913      200      Contains "Go"                     
  ✅ OK      慢速响应模拟     HTTP     6419     200      200 OK                            

━━━━━━━━━━━━━━━━━━━━━━━━━━━━━━━━━━━━━━━━━━━━━━━━━━━━━━━━━━━━━━━━━━━━━━━━━━━━━━━━━━━━━━━━
